#
# A fatal error has been detected by the Java Runtime Environment:
#
#  EXCEPTION_ACCESS_VIOLATION (0xc0000005) at pc=0x00007ffdae550eca, pid=10356, tid=1604
#
# JRE version: Java(TM) SE Runtime Environment (18.0.2.1+1) (build 18.0.2.1+1-1)
# Java VM: Java HotSpot(TM) 64-Bit Server VM (18.0.2.1+1-1, mixed mode, sharing, tiered, compressed oops, compressed class ptrs, g1 gc, windows-amd64)
# Problematic frame:
# V  [jvm.dll+0x760eca]
#
# No core dump will be written. Minidumps are not enabled by default on client versions of Windows
#
# If you would like to submit a bug report, please visit:
#   https://bugreport.java.com/bugreport/crash.jsp
#

---------------  S U M M A R Y ------------

Command Line: -XX:+ShowCodeDetailsInExceptionMessages -agentlib:jdwp=transport=dt_socket,suspend=y,address=localhost:53210 -javaagent:C:\Users\Salman Alfarisi\eclipse\java-2022-064\eclipse\configuration\org.eclipse.osgi\215\0\.cp\lib\javaagent-shaded.jar -Dfile.encoding=UTF-8 --module-path=C:\Users\Salman Alfarisi\eclipse-workspace\praktikum11\bin -Djdk.module.main=praktikum11 praktikum11/praktikum11.Main

Host: Intel(R) Core(TM) i5-6300U CPU @ 2.40GHz, 4 cores, 7G,  Windows 10 , 64 bit Build 19041 (10.0.19041.1889)
Time: Mon Nov  7 23:51:51 2022 SE Asia Standard Time elapsed time: 495.905307 seconds (0d 0h 8m 15s)

---------------  T H R E A D  ---------------

Current thread (0x000002b1ff127050):  JavaThread "JDWP Transport Listener: dt_socket" daemon [_thread_in_vm, id=1604, stack(0x000000b920f00000,0x000000b921000000)]

Stack: [0x000000b920f00000,0x000000b921000000],  sp=0x000000b920fff560,  free space=1021k
Native frames: (J=compiled Java code, j=interpreted, Vv=VM code, C=native code)
V  [jvm.dll+0x760eca]
V  [jvm.dll+0x52c54c]
V  [jvm.dll+0x4f3d5b]
C  [jdwp.dll+0x230a7]


siginfo: EXCEPTION_ACCESS_VIOLATION (0xc0000005), reading address 0x0000000000a20005


Register to memory mapping:

RIP=0x00007ffdae550eca jvm.dll
RAX=0x00000000000000a1 is an unknown value
RBX=0x000002b1feea9d9c points into unknown readable memory: 61 76 61 2f
RCX=0x0000000000a20001 is an unknown value
RDX=0x000002b1ff2fd730 points into unknown readable memory: 0x6b69746b6172704c | 4c 70 72 61 6b 74 69 6b
RSP=0x000000b920fff560 is pointing into the stack for thread: 0x000002b1ff127050
RBP=0x000002b1ff134580 points into unknown readable memory: 0x0000000000000002 | 02 00 00 00 00 00 00 00
RSI=0x0 is NULL
RDI=0xffffffffffffffff is an unknown value
R8 =0x0000000000000795 is an unknown value
R9 =0x0000000000000040 is an unknown value
R10=0x0000000000000780 is an unknown value
R11=0x000000b920fff580 is pointing into the stack for thread: 0x000002b1ff127050
R12=0x000000b920fff6b8 is pointing into the stack for thread: 0x000002b1ff127050
R13=0x0 is NULL
R14=0x0000000800c08c60 is a pointer to class: 
praktikum11.Niece {0x0000000800c08c68}
 - instance size:     4
 - klass size:        77
 - access:            public synchronized 
 - state:             fully_initialized
 - name:              'praktikum11/Niece'
 - super:             'java/lang/Object'
 - sub:               
 - arrays:            NULL
 - methods:           Array<T>(0x000002b1804493b8)
 - method ordering:   Array<T>(0x000002b180449fc0)
 - default_methods:   Array<T>(0x0000000000000000)
 - local interfaces:  Array<T>(0x000002b180444ce8)
 - trans. interfaces: Array<T>(0x000002b180444ce8)
 - constants:         constant pool [170] {0x000002b18044ae18} for 'praktikum11/Niece' cache=0x000002b18044b420
 - class loader data:  loader data: 0x000002b1fee885a0 for instance a 'jdk/internal/loader/ClassLoaders$AppClassLoader'{0x0000000089bac068}
 - source file:       'Niece.java'
 - source debug extension:       SMAP
Niece.java
Java
*S jdt
*F
1 Niece.java
2 file:/C:/Users/Salman%20Alfarisi/eclipse-workspace/praktikum11/bin/
*L
*E

 - class annotations:       Array<T>(0x0000000000000000)
 - class type annotations:  Array<T>(0x0000000000000000)
 - field annotations:       Array<T>(0x0000000000000000)
 - field type annotations:  Array<T>(0x0000000000000000)
 - generic signature: '
[error occurred during error reporting (printing register info), id 0xc0000005, EXCEPTION_ACCESS_VIOLATION (0xc0000005) at pc=0x00007ffdae551ad6]

Registers:
RAX=0x00000000000000a1, RBX=0x000002b1feea9d9c, RCX=0x0000000000a20001, RDX=0x000002b1ff2fd730
RSP=0x000000b920fff560, RBP=0x000002b1ff134580, RSI=0x0000000000000000, RDI=0xffffffffffffffff
R8 =0x0000000000000795, R9 =0x0000000000000040, R10=0x0000000000000780, R11=0x000000b920fff580
R12=0x000000b920fff6b8, R13=0x0000000000000000, R14=0x0000000800c08c60, R15=0x000000b920fff708
RIP=0x00007ffdae550eca, EFLAGS=0x0000000000010206

Top of Stack: (sp=0x000000b920fff560)
0x000000b920fff560:   0000000000000011 0000000800c08c60
0x000000b920fff570:   000002b1ff127050 0000000000000000
0x000000b920fff580:   ffffffffffffffff 00007ffdae31c54c
0x000000b920fff590:   000002b1feea9d9c 000002b1ff134580
0x000000b920fff5a0:   0000000000000000 000002b1ff1272e0
0x000000b920fff5b0:   000002b1feea9d60 00000000000003d8
0x000000b920fff5c0:   000002b1feea9d70 000002b1feeaa148
0x000000b920fff5d0:   0000000000000002 000000b920fff6b8
0x000000b920fff5e0:   0000000000000000 0000000000000000
0x000000b920fff5f0:   000000008953a330 00007ffdae2e3d5b
0x000000b920fff600:   000002b1ff127050 000000b920fff708
0x000000b920fff610:   000002b1e15adfd0 000000b920fff708
0x000000b920fff620:   000002b1ff127050 0000000000000000
0x000000b920fff630:   000002b100000000 0000000000000000
0x000000b920fff640:   000000000000000d 00007ffe320230a7
0x000000b920fff650:   000000b920fff700 00007ffe32031718 

Instructions: (pc=0x00007ffdae550eca)
0x00007ffdae550dca:   48 8b f8 48 85 db 74 08 48 8b cb e8 16 ad f0 ff
0x00007ffdae550dda:   48 8b 5c 24 30 48 8b c7 48 83 c4 20 5f c3 8d 42
0x00007ffdae550dea:   06 83 ff 02 b9 08 00 00 00 0f 4e c1 45 33 c0 48
0x00007ffdae550dfa:   63 c8 48 83 c1 07 83 e1 f8 48 63 c9 41 8d 50 0b
0x00007ffdae550e0a:   48 83 c4 20 5f e9 1c 23 95 ff cc cc cc cc cc cc
0x00007ffdae550e1a:   cc cc cc cc cc cc 83 fa 02 8d 42 06 b9 08 00 00
0x00007ffdae550e2a:   00 4d 8b c8 0f 4e c1 48 63 c8 49 8b 40 18 48 83
0x00007ffdae550e3a:   c1 07 83 e1 f8 48 63 d1 49 8b 48 20 48 2b c8 48
0x00007ffdae550e4a:   3b ca 72 09 48 8d 0c 10 49 89 48 18 c3 45 33 c0
0x00007ffdae550e5a:   49 8b c9 e9 fe 80 95 ff cc cc cc cc cc cc cc cc
0x00007ffdae550e6a:   cc cc cc cc cc cc 4c 8b d2 4c 8b d9 45 85 c0 7e
0x00007ffdae550e7a:   3c 44 0f b7 49 04 41 8d 40 ff 41 3b c1 44 0f 4c
0x00007ffdae550e8a:   c8 4d 63 c1 45 85 c9 7e 1f 48 8b c2 4c 2b da 49
0x00007ffdae550e9a:   8b d0 0f 1f 40 00 41 0f b6 4c 03 06 88 08 48 8d
0x00007ffdae550eaa:   40 01 48 83 ea 01 75 ee 43 c6 04 10 00 49 8b c2
0x00007ffdae550eba:   c3 cc cc cc cc cc 48 89 5c 24 08 57 48 83 ec 20
0x00007ffdae550eca:   0f b7 59 04 48 8b f9 33 d2 48 8d 4b 01 e8 14 d4
0x00007ffdae550eda:   f8 ff 0f b7 57 04 4c 8b c0 3b da 0f 42 d3 44 8b
0x00007ffdae550eea:   ca 85 d2 74 39 48 2b f8 0f 1f 40 00 66 66 0f 1f
0x00007ffdae550efa:   84 00 00 00 00 00 0f b6 4c 07 06 88 08 48 ff c0
0x00007ffdae550f0a:   48 8b c8 49 2b c8 49 3b c9 7c eb 42 c6 04 02 00
0x00007ffdae550f1a:   49 8b c0 48 8b 5c 24 30 48 83 c4 20 5f c3 48 8b
0x00007ffdae550f2a:   5c 24 30 c6 04 02 00 48 83 c4 20 5f c3 cc cc cc
0x00007ffdae550f3a:   cc cc cc cc cc cc 4c 8b d1 45 85 c0 7e 6c 44 0f
0x00007ffdae550f4a:   b7 49 04 41 8d 40 ff 41 3b c1 44 0f 4c c8 4d 63
0x00007ffdae550f5a:   d9 45 85 c9 7e 22 48 8b ca 4c 2b d2 4d 8b c3 0f
0x00007ffdae550f6a:   1f 80 00 00 00 00 41 0f b6 44 0a 06 88 01 48 8d
0x00007ffdae550f7a:   49 01 49 83 e8 01 75 ee 41 c6 04 13 00 48 c7 c0
0x00007ffdae550f8a:   ff ff ff ff 66 90 48 ff c0 80 3c 02 00 75 f7 48
0x00007ffdae550f9a:   63 c8 85 c0 48 8b c2 7e 14 80 38 2f 75 03 c6 00
0x00007ffdae550faa:   2e 48 ff c0 48 83 e9 01 75 ef 48 8b c2 c3 cc cc
0x00007ffdae550fba:   cc cc cc cc cc cc 48 83 ec 28 e8 f7 fe ff ff 4c 


Stack slot to memory mapping:
stack at sp + 0 slots: 0x0000000000000011 is an unknown value
stack at sp + 1 slots: 0x0000000800c08c60 is a pointer to class: 
praktikum11.Niece {0x0000000800c08c68}
 - instance size:     4
 - klass size:        77
 - access:            public synchronized 
 - state:             fully_initialized
 - name:              'praktikum11/Niece'
 - super:             'java/lang/Object'
 - sub:               
 - arrays:            NULL
 - methods:           Array<T>(0x000002b1804493b8)
 - method ordering:   Array<T>(0x000002b180449fc0)
 - default_methods:   Array<T>(0x0000000000000000)
 - local interfaces:  Array<T>(0x000002b180444ce8)
 - trans. interfaces: Array<T>(0x000002b180444ce8)
 - constants:         constant pool [170] {0x000002b18044ae18} for 'praktikum11/Niece' cache=0x000002b18044b420
 - class loader data:  loader data: 0x000002b1fee885a0 for instance a 'jdk/internal/loader/ClassLoaders$AppClassLoader'{0x0000000089bac068}
 - source file:       'Niece.java'
 - source debug extension:       SMAP
Niece.java
Java
*S jdt
*F
1 Niece.java
2 file:/C:/Users/Salman%20Alfarisi/eclipse-workspace/praktikum11/bin/
*L
*E

 - class annotations:       Array<T>(0x0000000000000000)
 - class type annotations:  Array<T>(0x0000000000000000)
 - field annotations:       Array<T>(0x0000000000000000)
 - field type annotations:  Array<T>(0x0000000000000000)
 - generic signature: '
[error occurred during error reporting (inspecting top of stack), id 0xc0000005, EXCEPTION_ACCESS_VIOLATION (0xc0000005) at pc=0x00007ffdae551ad6]


---------------  P R O C E S S  ---------------

Threads class SMR info:
_java_thread_list=0x000002b1ffb4da60, length=15, elements={
0x000002b1e15c0a60, 0x000002b1fee7bf70, 0x000002b1fee7e3d0, 0x000002b1fee97dd0,
0x000002b1fee99e30, 0x000002b1fee9a6e0, 0x000002b1feea23f0, 0x000002b1feea3770,
0x000002b1feea4800, 0x000002b1feea8490, 0x000002b1ff0620f0, 0x000002b1ff127050,
0x000002b1ff14c3e0, 0x000002b1ff14e8d0, 0x000002b1ff2a23c0
}

Java Threads: ( => current thread )
  0x000002b1e15c0a60 JavaThread "main" [_thread_blocked, id=15132, stack(0x000000b91fe00000,0x000000b91ff00000)]
  0x000002b1fee7bf70 JavaThread "Reference Handler" daemon [_thread_blocked, id=16560, stack(0x000000b920500000,0x000000b920600000)]
  0x000002b1fee7e3d0 JavaThread "Finalizer" daemon [_thread_blocked, id=14944, stack(0x000000b920600000,0x000000b920700000)]
  0x000002b1fee97dd0 JavaThread "Signal Dispatcher" daemon [_thread_blocked, id=15172, stack(0x000000b920700000,0x000000b920800000)]
  0x000002b1fee99e30 JavaThread "Attach Listener" daemon [_thread_blocked, id=6472, stack(0x000000b920800000,0x000000b920900000)]
  0x000002b1fee9a6e0 JavaThread "Service Thread" daemon [_thread_blocked, id=11784, stack(0x000000b920900000,0x000000b920a00000)]
  0x000002b1feea23f0 JavaThread "Monitor Deflation Thread" daemon [_thread_blocked, id=18336, stack(0x000000b920a00000,0x000000b920b00000)]
  0x000002b1feea3770 JavaThread "C2 CompilerThread0" daemon [_thread_blocked, id=7316, stack(0x000000b920b00000,0x000000b920c00000)]
  0x000002b1feea4800 JavaThread "C1 CompilerThread0" daemon [_thread_blocked, id=3856, stack(0x000000b920c00000,0x000000b920d00000)]
  0x000002b1feea8490 JavaThread "Sweeper thread" daemon [_thread_blocked, id=5360, stack(0x000000b920d00000,0x000000b920e00000)]
  0x000002b1ff0620f0 JavaThread "Common-Cleaner" daemon [_thread_blocked, id=9128, stack(0x000000b920e00000,0x000000b920f00000)]
=>0x000002b1ff127050 JavaThread "JDWP Transport Listener: dt_socket" daemon [_thread_in_vm, id=1604, stack(0x000000b920f00000,0x000000b921000000)]
  0x000002b1ff14c3e0 JavaThread "JDWP Event Helper Thread" daemon [_thread_blocked, id=14896, stack(0x000000b921000000,0x000000b921100000)]
  0x000002b1ff14e8d0 JavaThread "JDWP Command Reader" daemon [_thread_in_native, id=14256, stack(0x000000b921100000,0x000000b921200000)]
  0x000002b1ff2a23c0 JavaThread "Notification Thread" daemon [_thread_blocked, id=9624, stack(0x000000b921300000,0x000000b921400000)]

Other Threads:
  0x000002b1fee798d0 VMThread "VM Thread" [stack: 0x000000b920400000,0x000000b920500000] [id=17500]
  0x000002b1ff2a2880 WatcherThread "VM Periodic Task Thread" [stack: 0x000000b921400000,0x000000b921500000] [id=17164]
  0x000002b1e161e550 WorkerThread "GC Thread#0" [stack: 0x000000b91ff00000,0x000000b920000000] [id=8288]
  0x000002b1e1630020 ConcurrentGCThread "G1 Main Marker" [stack: 0x000000b920000000,0x000000b920100000] [id=12980]
  0x000002b1e16310c0 WorkerThread "G1 Conc#0" [stack: 0x000000b920100000,0x000000b920200000] [id=16524]
  0x000002b1e1673750 ConcurrentGCThread "G1 Refine#0" [stack: 0x000000b920200000,0x000000b920300000] [id=3652]
  0x000002b1e1673f70 ConcurrentGCThread "G1 Service" [stack: 0x000000b920300000,0x000000b920400000] [id=1040]

Threads with active compile tasks:

VM state: not at safepoint (normal execution)

VM Mutex/Monitor currently owned by a thread: None

Heap address: 0x0000000081c00000, size: 2020 MB, Compressed Oops mode: 32-bit

CDS archive(s) mapped at: [0x0000000800000000-0x0000000800ba0000-0x0000000800ba0000), size 12189696, SharedBaseAddress: 0x0000000800000000, ArchiveRelocationMode: 0.
Compressed class space mapped at: 0x0000000800c00000-0x0000000840c00000, reserved size: 1073741824
Narrow klass base: 0x0000000800000000, Narrow klass shift: 0, Narrow klass range: 0x100000000

GC Precious Log:
 CardTable entry size: 512
 Card Set container configuration: InlinePtr #cards 5 size 8 Array Of Cards #cards 12 size 40 Howl #buckets 4 coarsen threshold 1843 Howl Bitmap #cards 512 size 80 coarsen threshold 460 Card regions per heap region 1 cards per card region 2048
 CPUs: 4 total, 4 available
 Memory: 8076M
 Large Page Support: Disabled
 NUMA Support: Disabled
 Compressed Oops: Enabled (32-bit)
 Heap Region Size: 1M
 Heap Min Capacity: 8M
 Heap Initial Capacity: 128M
 Heap Max Capacity: 2020M
 Pre-touch: Disabled
 Parallel Workers: 4
 Concurrent Workers: 1
 Concurrent Refinement Workers: 4
 Periodic GC: Disabled

Heap:
 garbage-first heap   total 131072K, used 6144K [0x0000000081c00000, 0x0000000100000000)
  region size 1024K, 7 young (7168K), 0 survivors (0K)
 Metaspace       used 3067K, committed 3200K, reserved 1114112K
  class space    used 280K, committed 320K, reserved 1048576K

Heap Regions: E=young(eden), S=young(survivor), O=old, HS=humongous(starts), HC=humongous(continues), CS=collection set, F=free, OA=open archive, CA=closed archive, TAMS=top-at-mark-start (previous, next)
|   0|0x0000000081c00000, 0x0000000081c00000, 0x0000000081d00000|  0%| F|  |TAMS 0x0000000081c00000, 0x0000000081c00000| Untracked 
|   1|0x0000000081d00000, 0x0000000081d00000, 0x0000000081e00000|  0%| F|  |TAMS 0x0000000081d00000, 0x0000000081d00000| Untracked 
|   2|0x0000000081e00000, 0x0000000081e00000, 0x0000000081f00000|  0%| F|  |TAMS 0x0000000081e00000, 0x0000000081e00000| Untracked 
|   3|0x0000000081f00000, 0x0000000081f00000, 0x0000000082000000|  0%| F|  |TAMS 0x0000000081f00000, 0x0000000081f00000| Untracked 
|   4|0x0000000082000000, 0x0000000082000000, 0x0000000082100000|  0%| F|  |TAMS 0x0000000082000000, 0x0000000082000000| Untracked 
|   5|0x0000000082100000, 0x0000000082100000, 0x0000000082200000|  0%| F|  |TAMS 0x0000000082100000, 0x0000000082100000| Untracked 
|   6|0x0000000082200000, 0x0000000082200000, 0x0000000082300000|  0%| F|  |TAMS 0x0000000082200000, 0x0000000082200000| Untracked 
|   7|0x0000000082300000, 0x0000000082300000, 0x0000000082400000|  0%| F|  |TAMS 0x0000000082300000, 0x0000000082300000| Untracked 
|   8|0x0000000082400000, 0x0000000082400000, 0x0000000082500000|  0%| F|  |TAMS 0x0000000082400000, 0x0000000082400000| Untracked 
|   9|0x0000000082500000, 0x0000000082500000, 0x0000000082600000|  0%| F|  |TAMS 0x0000000082500000, 0x0000000082500000| Untracked 
|  10|0x0000000082600000, 0x0000000082600000, 0x0000000082700000|  0%| F|  |TAMS 0x0000000082600000, 0x0000000082600000| Untracked 
|  11|0x0000000082700000, 0x0000000082700000, 0x0000000082800000|  0%| F|  |TAMS 0x0000000082700000, 0x0000000082700000| Untracked 
|  12|0x0000000082800000, 0x0000000082800000, 0x0000000082900000|  0%| F|  |TAMS 0x0000000082800000, 0x0000000082800000| Untracked 
|  13|0x0000000082900000, 0x0000000082900000, 0x0000000082a00000|  0%| F|  |TAMS 0x0000000082900000, 0x0000000082900000| Untracked 
|  14|0x0000000082a00000, 0x0000000082a00000, 0x0000000082b00000|  0%| F|  |TAMS 0x0000000082a00000, 0x0000000082a00000| Untracked 
|  15|0x0000000082b00000, 0x0000000082b00000, 0x0000000082c00000|  0%| F|  |TAMS 0x0000000082b00000, 0x0000000082b00000| Untracked 
|  16|0x0000000082c00000, 0x0000000082c00000, 0x0000000082d00000|  0%| F|  |TAMS 0x0000000082c00000, 0x0000000082c00000| Untracked 
|  17|0x0000000082d00000, 0x0000000082d00000, 0x0000000082e00000|  0%| F|  |TAMS 0x0000000082d00000, 0x0000000082d00000| Untracked 
|  18|0x0000000082e00000, 0x0000000082e00000, 0x0000000082f00000|  0%| F|  |TAMS 0x0000000082e00000, 0x0000000082e00000| Untracked 
|  19|0x0000000082f00000, 0x0000000082f00000, 0x0000000083000000|  0%| F|  |TAMS 0x0000000082f00000, 0x0000000082f00000| Untracked 
|  20|0x0000000083000000, 0x0000000083000000, 0x0000000083100000|  0%| F|  |TAMS 0x0000000083000000, 0x0000000083000000| Untracked 
|  21|0x0000000083100000, 0x0000000083100000, 0x0000000083200000|  0%| F|  |TAMS 0x0000000083100000, 0x0000000083100000| Untracked 
|  22|0x0000000083200000, 0x0000000083200000, 0x0000000083300000|  0%| F|  |TAMS 0x0000000083200000, 0x0000000083200000| Untracked 
|  23|0x0000000083300000, 0x0000000083300000, 0x0000000083400000|  0%| F|  |TAMS 0x0000000083300000, 0x0000000083300000| Untracked 
|  24|0x0000000083400000, 0x0000000083400000, 0x0000000083500000|  0%| F|  |TAMS 0x0000000083400000, 0x0000000083400000| Untracked 
|  25|0x0000000083500000, 0x0000000083500000, 0x0000000083600000|  0%| F|  |TAMS 0x0000000083500000, 0x0000000083500000| Untracked 
|  26|0x0000000083600000, 0x0000000083600000, 0x0000000083700000|  0%| F|  |TAMS 0x0000000083600000, 0x0000000083600000| Untracked 
|  27|0x0000000083700000, 0x0000000083700000, 0x0000000083800000|  0%| F|  |TAMS 0x0000000083700000, 0x0000000083700000| Untracked 
|  28|0x0000000083800000, 0x0000000083800000, 0x0000000083900000|  0%| F|  |TAMS 0x0000000083800000, 0x0000000083800000| Untracked 
|  29|0x0000000083900000, 0x0000000083900000, 0x0000000083a00000|  0%| F|  |TAMS 0x0000000083900000, 0x0000000083900000| Untracked 
|  30|0x0000000083a00000, 0x0000000083a00000, 0x0000000083b00000|  0%| F|  |TAMS 0x0000000083a00000, 0x0000000083a00000| Untracked 
|  31|0x0000000083b00000, 0x0000000083b00000, 0x0000000083c00000|  0%| F|  |TAMS 0x0000000083b00000, 0x0000000083b00000| Untracked 
|  32|0x0000000083c00000, 0x0000000083c00000, 0x0000000083d00000|  0%| F|  |TAMS 0x0000000083c00000, 0x0000000083c00000| Untracked 
|  33|0x0000000083d00000, 0x0000000083d00000, 0x0000000083e00000|  0%| F|  |TAMS 0x0000000083d00000, 0x0000000083d00000| Untracked 
|  34|0x0000000083e00000, 0x0000000083e00000, 0x0000000083f00000|  0%| F|  |TAMS 0x0000000083e00000, 0x0000000083e00000| Untracked 
|  35|0x0000000083f00000, 0x0000000083f00000, 0x0000000084000000|  0%| F|  |TAMS 0x0000000083f00000, 0x0000000083f00000| Untracked 
|  36|0x0000000084000000, 0x0000000084000000, 0x0000000084100000|  0%| F|  |TAMS 0x0000000084000000, 0x0000000084000000| Untracked 
|  37|0x0000000084100000, 0x0000000084100000, 0x0000000084200000|  0%| F|  |TAMS 0x0000000084100000, 0x0000000084100000| Untracked 
|  38|0x0000000084200000, 0x0000000084200000, 0x0000000084300000|  0%| F|  |TAMS 0x0000000084200000, 0x0000000084200000| Untracked 
|  39|0x0000000084300000, 0x0000000084300000, 0x0000000084400000|  0%| F|  |TAMS 0x0000000084300000, 0x0000000084300000| Untracked 
|  40|0x0000000084400000, 0x0000000084400000, 0x0000000084500000|  0%| F|  |TAMS 0x0000000084400000, 0x0000000084400000| Untracked 
|  41|0x0000000084500000, 0x0000000084500000, 0x0000000084600000|  0%| F|  |TAMS 0x0000000084500000, 0x0000000084500000| Untracked 
|  42|0x0000000084600000, 0x0000000084600000, 0x0000000084700000|  0%| F|  |TAMS 0x0000000084600000, 0x0000000084600000| Untracked 
|  43|0x0000000084700000, 0x0000000084700000, 0x0000000084800000|  0%| F|  |TAMS 0x0000000084700000, 0x0000000084700000| Untracked 
|  44|0x0000000084800000, 0x0000000084800000, 0x0000000084900000|  0%| F|  |TAMS 0x0000000084800000, 0x0000000084800000| Untracked 
|  45|0x0000000084900000, 0x0000000084900000, 0x0000000084a00000|  0%| F|  |TAMS 0x0000000084900000, 0x0000000084900000| Untracked 
|  46|0x0000000084a00000, 0x0000000084a00000, 0x0000000084b00000|  0%| F|  |TAMS 0x0000000084a00000, 0x0000000084a00000| Untracked 
|  47|0x0000000084b00000, 0x0000000084b00000, 0x0000000084c00000|  0%| F|  |TAMS 0x0000000084b00000, 0x0000000084b00000| Untracked 
|  48|0x0000000084c00000, 0x0000000084c00000, 0x0000000084d00000|  0%| F|  |TAMS 0x0000000084c00000, 0x0000000084c00000| Untracked 
|  49|0x0000000084d00000, 0x0000000084d00000, 0x0000000084e00000|  0%| F|  |TAMS 0x0000000084d00000, 0x0000000084d00000| Untracked 
|  50|0x0000000084e00000, 0x0000000084e00000, 0x0000000084f00000|  0%| F|  |TAMS 0x0000000084e00000, 0x0000000084e00000| Untracked 
|  51|0x0000000084f00000, 0x0000000084f00000, 0x0000000085000000|  0%| F|  |TAMS 0x0000000084f00000, 0x0000000084f00000| Untracked 
|  52|0x0000000085000000, 0x0000000085000000, 0x0000000085100000|  0%| F|  |TAMS 0x0000000085000000, 0x0000000085000000| Untracked 
|  53|0x0000000085100000, 0x0000000085100000, 0x0000000085200000|  0%| F|  |TAMS 0x0000000085100000, 0x0000000085100000| Untracked 
|  54|0x0000000085200000, 0x0000000085200000, 0x0000000085300000|  0%| F|  |TAMS 0x0000000085200000, 0x0000000085200000| Untracked 
|  55|0x0000000085300000, 0x0000000085300000, 0x0000000085400000|  0%| F|  |TAMS 0x0000000085300000, 0x0000000085300000| Untracked 
|  56|0x0000000085400000, 0x0000000085400000, 0x0000000085500000|  0%| F|  |TAMS 0x0000000085400000, 0x0000000085400000| Untracked 
|  57|0x0000000085500000, 0x0000000085500000, 0x0000000085600000|  0%| F|  |TAMS 0x0000000085500000, 0x0000000085500000| Untracked 
|  58|0x0000000085600000, 0x0000000085600000, 0x0000000085700000|  0%| F|  |TAMS 0x0000000085600000, 0x0000000085600000| Untracked 
|  59|0x0000000085700000, 0x0000000085700000, 0x0000000085800000|  0%| F|  |TAMS 0x0000000085700000, 0x0000000085700000| Untracked 
|  60|0x0000000085800000, 0x0000000085800000, 0x0000000085900000|  0%| F|  |TAMS 0x0000000085800000, 0x0000000085800000| Untracked 
|  61|0x0000000085900000, 0x0000000085900000, 0x0000000085a00000|  0%| F|  |TAMS 0x0000000085900000, 0x0000000085900000| Untracked 
|  62|0x0000000085a00000, 0x0000000085a00000, 0x0000000085b00000|  0%| F|  |TAMS 0x0000000085a00000, 0x0000000085a00000| Untracked 
|  63|0x0000000085b00000, 0x0000000085b00000, 0x0000000085c00000|  0%| F|  |TAMS 0x0000000085b00000, 0x0000000085b00000| Untracked 
|  64|0x0000000085c00000, 0x0000000085c00000, 0x0000000085d00000|  0%| F|  |TAMS 0x0000000085c00000, 0x0000000085c00000| Untracked 
|  65|0x0000000085d00000, 0x0000000085d00000, 0x0000000085e00000|  0%| F|  |TAMS 0x0000000085d00000, 0x0000000085d00000| Untracked 
|  66|0x0000000085e00000, 0x0000000085e00000, 0x0000000085f00000|  0%| F|  |TAMS 0x0000000085e00000, 0x0000000085e00000| Untracked 
|  67|0x0000000085f00000, 0x0000000085f00000, 0x0000000086000000|  0%| F|  |TAMS 0x0000000085f00000, 0x0000000085f00000| Untracked 
|  68|0x0000000086000000, 0x0000000086000000, 0x0000000086100000|  0%| F|  |TAMS 0x0000000086000000, 0x0000000086000000| Untracked 
|  69|0x0000000086100000, 0x0000000086100000, 0x0000000086200000|  0%| F|  |TAMS 0x0000000086100000, 0x0000000086100000| Untracked 
|  70|0x0000000086200000, 0x0000000086200000, 0x0000000086300000|  0%| F|  |TAMS 0x0000000086200000, 0x0000000086200000| Untracked 
|  71|0x0000000086300000, 0x0000000086300000, 0x0000000086400000|  0%| F|  |TAMS 0x0000000086300000, 0x0000000086300000| Untracked 
|  72|0x0000000086400000, 0x0000000086400000, 0x0000000086500000|  0%| F|  |TAMS 0x0000000086400000, 0x0000000086400000| Untracked 
|  73|0x0000000086500000, 0x0000000086500000, 0x0000000086600000|  0%| F|  |TAMS 0x0000000086500000, 0x0000000086500000| Untracked 
|  74|0x0000000086600000, 0x0000000086600000, 0x0000000086700000|  0%| F|  |TAMS 0x0000000086600000, 0x0000000086600000| Untracked 
|  75|0x0000000086700000, 0x0000000086700000, 0x0000000086800000|  0%| F|  |TAMS 0x0000000086700000, 0x0000000086700000| Untracked 
|  76|0x0000000086800000, 0x0000000086800000, 0x0000000086900000|  0%| F|  |TAMS 0x0000000086800000, 0x0000000086800000| Untracked 
|  77|0x0000000086900000, 0x0000000086900000, 0x0000000086a00000|  0%| F|  |TAMS 0x0000000086900000, 0x0000000086900000| Untracked 
|  78|0x0000000086a00000, 0x0000000086a00000, 0x0000000086b00000|  0%| F|  |TAMS 0x0000000086a00000, 0x0000000086a00000| Untracked 
|  79|0x0000000086b00000, 0x0000000086b00000, 0x0000000086c00000|  0%| F|  |TAMS 0x0000000086b00000, 0x0000000086b00000| Untracked 
|  80|0x0000000086c00000, 0x0000000086c00000, 0x0000000086d00000|  0%| F|  |TAMS 0x0000000086c00000, 0x0000000086c00000| Untracked 
|  81|0x0000000086d00000, 0x0000000086d00000, 0x0000000086e00000|  0%| F|  |TAMS 0x0000000086d00000, 0x0000000086d00000| Untracked 
|  82|0x0000000086e00000, 0x0000000086e00000, 0x0000000086f00000|  0%| F|  |TAMS 0x0000000086e00000, 0x0000000086e00000| Untracked 
|  83|0x0000000086f00000, 0x0000000086f00000, 0x0000000087000000|  0%| F|  |TAMS 0x0000000086f00000, 0x0000000086f00000| Untracked 
|  84|0x0000000087000000, 0x0000000087000000, 0x0000000087100000|  0%| F|  |TAMS 0x0000000087000000, 0x0000000087000000| Untracked 
|  85|0x0000000087100000, 0x0000000087100000, 0x0000000087200000|  0%| F|  |TAMS 0x0000000087100000, 0x0000000087100000| Untracked 
|  86|0x0000000087200000, 0x0000000087200000, 0x0000000087300000|  0%| F|  |TAMS 0x0000000087200000, 0x0000000087200000| Untracked 
|  87|0x0000000087300000, 0x0000000087300000, 0x0000000087400000|  0%| F|  |TAMS 0x0000000087300000, 0x0000000087300000| Untracked 
|  88|0x0000000087400000, 0x0000000087400000, 0x0000000087500000|  0%| F|  |TAMS 0x0000000087400000, 0x0000000087400000| Untracked 
|  89|0x0000000087500000, 0x0000000087500000, 0x0000000087600000|  0%| F|  |TAMS 0x0000000087500000, 0x0000000087500000| Untracked 
|  90|0x0000000087600000, 0x0000000087600000, 0x0000000087700000|  0%| F|  |TAMS 0x0000000087600000, 0x0000000087600000| Untracked 
|  91|0x0000000087700000, 0x0000000087700000, 0x0000000087800000|  0%| F|  |TAMS 0x0000000087700000, 0x0000000087700000| Untracked 
|  92|0x0000000087800000, 0x0000000087800000, 0x0000000087900000|  0%| F|  |TAMS 0x0000000087800000, 0x0000000087800000| Untracked 
|  93|0x0000000087900000, 0x0000000087900000, 0x0000000087a00000|  0%| F|  |TAMS 0x0000000087900000, 0x0000000087900000| Untracked 
|  94|0x0000000087a00000, 0x0000000087a00000, 0x0000000087b00000|  0%| F|  |TAMS 0x0000000087a00000, 0x0000000087a00000| Untracked 
|  95|0x0000000087b00000, 0x0000000087b00000, 0x0000000087c00000|  0%| F|  |TAMS 0x0000000087b00000, 0x0000000087b00000| Untracked 
|  96|0x0000000087c00000, 0x0000000087c00000, 0x0000000087d00000|  0%| F|  |TAMS 0x0000000087c00000, 0x0000000087c00000| Untracked 
|  97|0x0000000087d00000, 0x0000000087d00000, 0x0000000087e00000|  0%| F|  |TAMS 0x0000000087d00000, 0x0000000087d00000| Untracked 
|  98|0x0000000087e00000, 0x0000000087e00000, 0x0000000087f00000|  0%| F|  |TAMS 0x0000000087e00000, 0x0000000087e00000| Untracked 
|  99|0x0000000087f00000, 0x0000000087f00000, 0x0000000088000000|  0%| F|  |TAMS 0x0000000087f00000, 0x0000000087f00000| Untracked 
| 100|0x0000000088000000, 0x0000000088000000, 0x0000000088100000|  0%| F|  |TAMS 0x0000000088000000, 0x0000000088000000| Untracked 
| 101|0x0000000088100000, 0x0000000088100000, 0x0000000088200000|  0%| F|  |TAMS 0x0000000088100000, 0x0000000088100000| Untracked 
| 102|0x0000000088200000, 0x0000000088200000, 0x0000000088300000|  0%| F|  |TAMS 0x0000000088200000, 0x0000000088200000| Untracked 
| 103|0x0000000088300000, 0x0000000088300000, 0x0000000088400000|  0%| F|  |TAMS 0x0000000088300000, 0x0000000088300000| Untracked 
| 104|0x0000000088400000, 0x0000000088400000, 0x0000000088500000|  0%| F|  |TAMS 0x0000000088400000, 0x0000000088400000| Untracked 
| 105|0x0000000088500000, 0x0000000088500000, 0x0000000088600000|  0%| F|  |TAMS 0x0000000088500000, 0x0000000088500000| Untracked 
| 106|0x0000000088600000, 0x0000000088600000, 0x0000000088700000|  0%| F|  |TAMS 0x0000000088600000, 0x0000000088600000| Untracked 
| 107|0x0000000088700000, 0x0000000088700000, 0x0000000088800000|  0%| F|  |TAMS 0x0000000088700000, 0x0000000088700000| Untracked 
| 108|0x0000000088800000, 0x0000000088800000, 0x0000000088900000|  0%| F|  |TAMS 0x0000000088800000, 0x0000000088800000| Untracked 
| 109|0x0000000088900000, 0x0000000088900000, 0x0000000088a00000|  0%| F|  |TAMS 0x0000000088900000, 0x0000000088900000| Untracked 
| 110|0x0000000088a00000, 0x0000000088a00000, 0x0000000088b00000|  0%| F|  |TAMS 0x0000000088a00000, 0x0000000088a00000| Untracked 
| 111|0x0000000088b00000, 0x0000000088b00000, 0x0000000088c00000|  0%| F|  |TAMS 0x0000000088b00000, 0x0000000088b00000| Untracked 
| 112|0x0000000088c00000, 0x0000000088c00000, 0x0000000088d00000|  0%| F|  |TAMS 0x0000000088c00000, 0x0000000088c00000| Untracked 
| 113|0x0000000088d00000, 0x0000000088d00000, 0x0000000088e00000|  0%| F|  |TAMS 0x0000000088d00000, 0x0000000088d00000| Untracked 
| 114|0x0000000088e00000, 0x0000000088e00000, 0x0000000088f00000|  0%| F|  |TAMS 0x0000000088e00000, 0x0000000088e00000| Untracked 
| 115|0x0000000088f00000, 0x0000000088f00000, 0x0000000089000000|  0%| F|  |TAMS 0x0000000088f00000, 0x0000000088f00000| Untracked 
| 116|0x0000000089000000, 0x0000000089000000, 0x0000000089100000|  0%| F|  |TAMS 0x0000000089000000, 0x0000000089000000| Untracked 
| 117|0x0000000089100000, 0x0000000089100000, 0x0000000089200000|  0%| F|  |TAMS 0x0000000089100000, 0x0000000089100000| Untracked 
| 118|0x0000000089200000, 0x0000000089200000, 0x0000000089300000|  0%| F|  |TAMS 0x0000000089200000, 0x0000000089200000| Untracked 
| 119|0x0000000089300000, 0x0000000089300000, 0x0000000089400000|  0%| F|  |TAMS 0x0000000089300000, 0x0000000089300000| Untracked 
| 120|0x0000000089400000, 0x0000000089400000, 0x0000000089500000|  0%| F|  |TAMS 0x0000000089400000, 0x0000000089400000| Untracked 
| 121|0x0000000089500000, 0x0000000089587590, 0x0000000089600000| 52%| E|  |TAMS 0x0000000089500000, 0x0000000089500000| Complete 
| 122|0x0000000089600000, 0x0000000089700000, 0x0000000089700000|100%| E|CS|TAMS 0x0000000089600000, 0x0000000089600000| Complete 
| 123|0x0000000089700000, 0x0000000089800000, 0x0000000089800000|100%| E|CS|TAMS 0x0000000089700000, 0x0000000089700000| Complete 
| 124|0x0000000089800000, 0x0000000089900000, 0x0000000089900000|100%| E|CS|TAMS 0x0000000089800000, 0x0000000089800000| Complete 
| 125|0x0000000089900000, 0x0000000089a00000, 0x0000000089a00000|100%| E|CS|TAMS 0x0000000089900000, 0x0000000089900000| Complete 
| 126|0x0000000089a00000, 0x0000000089b00000, 0x0000000089b00000|100%| E|CS|TAMS 0x0000000089a00000, 0x0000000089a00000| Complete 
| 127|0x0000000089b00000, 0x0000000089c00000, 0x0000000089c00000|100%| E|CS|TAMS 0x0000000089b00000, 0x0000000089b00000| Complete 

Card table byte_map: [0x000002b1f8300000,0x000002b1f8700000] _byte_map_base: 0x000002b1f7ef2000

Marking Bits (Prev, Next): (CMBitMap*) 0x000002b1e161fa70, (CMBitMap*) 0x000002b1e161fab0
 Prev Bits: [0x000002b1f8b00000, 0x000002b1faa90000)
 Next Bits: [0x000002b1faa90000, 0x000002b1fca20000)

Polling page: 0x000002b1e0d90000

Metaspace:

Usage:
  Non-class:      2.72 MB used.
      Class:    280.52 KB used.
       Both:      3.00 MB used.

Virtual space:
  Non-class space:       64.00 MB reserved,       2.81 MB (  4%) committed,  1 nodes.
      Class space:        1.00 GB reserved,     320.00 KB ( <1%) committed,  1 nodes.
             Both:        1.06 GB reserved,       3.12 MB ( <1%) committed. 

Chunk freelists:
   Non-Class:  3.70 MB
       Class:  3.70 MB
        Both:  7.41 MB

MaxMetaspaceSize: unlimited
CompressedClassSpaceSize: 1.00 GB
Initial GC threshold: 21.00 MB
Current GC threshold: 21.00 MB
CDS: on
MetaspaceReclaimPolicy: balanced
 - commit_granule_bytes: 65536.
 - commit_granule_words: 8192.
 - virtual_space_node_default_size: 8388608.
 - enlarge_chunks_in_place: 1.
 - new_chunks_are_fully_committed: 0.
 - uncommit_free_chunks: 1.
 - use_allocation_guard: 0.


Internal statistics:

num_allocs_failed_limit: 0.
num_arena_births: 34.
num_arena_deaths: 0.
num_vsnodes_births: 2.
num_vsnodes_deaths: 0.
num_space_committed: 50.
num_space_uncommitted: 0.
num_chunks_returned_to_freelist: 0.
num_chunks_taken_from_freelist: 53.
num_chunk_merges: 0.
num_chunk_splits: 36.
num_chunks_enlarged: 23.
num_inconsistent_stats: 0.

CodeHeap 'non-profiled nmethods': size=120000Kb used=172Kb max_used=172Kb free=119827Kb
 bounds [0x000002b1f09d0000, 0x000002b1f0c40000, 0x000002b1f7f00000]
CodeHeap 'profiled nmethods': size=120000Kb used=891Kb max_used=891Kb free=119109Kb
 bounds [0x000002b1e94a0000, 0x000002b1e9710000, 0x000002b1f09d0000]
CodeHeap 'non-nmethods': size=5760Kb used=1218Kb max_used=1248Kb free=4541Kb
 bounds [0x000002b1e8f00000, 0x000002b1e9170000, 0x000002b1e94a0000]
 total_blobs=950 nmethods=524 adapters=339
 compilation: enabled
              stopped_count=0, restarted_count=0
 full_count=0

Compilation events (20 events):
Event: 0.799 Thread 0x000002b1feea4800 nmethod 514 0x000002b1e957c990 code [0x000002b1e957cb40, 0x000002b1e957ce98]
Event: 0.799 Thread 0x000002b1feea4800  515       3       org.eclipse.jdt.launching.internal.org.objectweb.asm.SymbolTable::hash (10 bytes)
Event: 0.799 Thread 0x000002b1feea4800 nmethod 515 0x000002b1e957d010 code [0x000002b1e957d1a0, 0x000002b1e957d2e8]
Event: 0.799 Thread 0x000002b1feea4800  517       3       org.eclipse.jdt.launching.internal.org.objectweb.asm.ClassReader::readUTF8 (23 bytes)
Event: 0.800 Thread 0x000002b1feea4800 nmethod 517 0x000002b1e957d410 code [0x000002b1e957d5c0, 0x000002b1e957d818]
Event: 0.801 Thread 0x000002b1feea4800  518       3       org.eclipse.jdt.launching.internal.org.objectweb.asm.SymbolTable::addConstantUtf8 (20 bytes)
Event: 0.801 Thread 0x000002b1feea3770  519       4       org.eclipse.jdt.launching.internal.org.objectweb.asm.ClassReader::readUnsignedShort (26 bytes)
Event: 0.801 Thread 0x000002b1feea4800 nmethod 518 0x000002b1e957d910 code [0x000002b1e957dae0, 0x000002b1e957dda8]
Event: 0.801 Thread 0x000002b1feea4800  520       3       org.eclipse.jdt.launching.internal.org.objectweb.asm.SymbolTable$Entry::<init> (17 bytes)
Event: 0.802 Thread 0x000002b1feea4800 nmethod 520 0x000002b1e957df10 code [0x000002b1e957e0c0, 0x000002b1e957e268]
Event: 0.803 Thread 0x000002b1feea3770 nmethod 519 0x000002b1f09f9510 code [0x000002b1f09f9680, 0x000002b1f09f9778]
Event: 0.810 Thread 0x000002b1ff43a4b0 nmethod 494 0x000002b1f09f9890 code [0x000002b1f09f9a40, 0x000002b1f09fa678]
Event: 428.739 Thread 0x000002b1feea4800  521       3       org.eclipse.jdt.launching.internal.org.objectweb.asm.ByteVector::putShort (52 bytes)
Event: 428.740 Thread 0x000002b1feea4800 nmethod 521 0x000002b1e957e310 code [0x000002b1e957e4c0, 0x000002b1e957e6c8]
Event: 495.775 Thread 0x000002b1feea4800  522       1       org.eclipse.jdt.launching.internal.org.objectweb.asm.SymbolTable::getMajorVersion (5 bytes)
Event: 495.775 Thread 0x000002b1feea4800 nmethod 522 0x000002b1f09fab10 code [0x000002b1f09faca0, 0x000002b1f09fad78]
Event: 495.775 Thread 0x000002b1feea4800  524       3       org.eclipse.jdt.launching.internal.org.objectweb.asm.SymbolTable::get (13 bytes)
Event: 495.775 Thread 0x000002b1feea4800 nmethod 524 0x000002b1e957e810 code [0x000002b1e957e9a0, 0x000002b1e957eaf8]
Event: 495.775 Thread 0x000002b1feea4800  523       1       org.eclipse.jdt.launching.internal.org.objectweb.asm.SymbolTable::getSource (5 bytes)
Event: 495.775 Thread 0x000002b1feea4800 nmethod 523 0x000002b1f09fae10 code [0x000002b1f09fafa0, 0x000002b1f09fb078]

GC Heap History (0 events):
No events

Deoptimization events (20 events):
Event: 0.450 Thread 0x000002b1e15c0a60 Uncommon trap: trap_request=0xffffff45 fr.pc=0x000002b1f09dd9d0 relative=0x0000000000000cb0
Event: 0.450 Thread 0x000002b1e15c0a60 Uncommon trap: reason=unstable_if action=reinterpret pc=0x000002b1f09dd9d0 method=java.util.HashMap.putVal(ILjava/lang/Object;Ljava/lang/Object;ZZ)Ljava/lang/Object; @ 181 c2
Event: 0.450 Thread 0x000002b1e15c0a60 DEOPT PACKING pc=0x000002b1f09dd9d0 sp=0x000000b91fefe550
Event: 0.450 Thread 0x000002b1e15c0a60 DEOPT UNPACKING pc=0x000002b1e8f523a3 sp=0x000000b91fefe520 mode 2
Event: 0.716 Thread 0x000002b1e15c0a60 Uncommon trap: trap_request=0xffffff45 fr.pc=0x000002b1f09d833c relative=0x00000000000000bc
Event: 0.716 Thread 0x000002b1e15c0a60 Uncommon trap: reason=unstable_if action=reinterpret pc=0x000002b1f09d833c method=java.lang.String.isLatin1()Z @ 10 c2
Event: 0.716 Thread 0x000002b1e15c0a60 DEOPT PACKING pc=0x000002b1f09d833c sp=0x000000b91feff270
Event: 0.716 Thread 0x000002b1e15c0a60 DEOPT UNPACKING pc=0x000002b1e8f523a3 sp=0x000000b91feff1c0 mode 2
Event: 0.757 Thread 0x000002b1e15c0a60 DEOPT PACKING pc=0x000002b1e956105c sp=0x000000b91fef8de0
Event: 0.757 Thread 0x000002b1e15c0a60 DEOPT UNPACKING pc=0x000002b1e8f52b43 sp=0x000000b91fef8248 mode 0
Event: 0.762 Thread 0x000002b1e15c0a60 DEOPT PACKING pc=0x000002b1e956105c sp=0x000000b91fefc830
Event: 0.762 Thread 0x000002b1e15c0a60 DEOPT UNPACKING pc=0x000002b1e8f52b43 sp=0x000000b91fefbc98 mode 0
Event: 0.762 Thread 0x000002b1e15c0a60 DEOPT PACKING pc=0x000002b1e956105c sp=0x000000b91fefc830
Event: 0.762 Thread 0x000002b1e15c0a60 DEOPT UNPACKING pc=0x000002b1e8f52b43 sp=0x000000b91fefbc98 mode 0
Event: 0.772 Thread 0x000002b1e15c0a60 DEOPT PACKING pc=0x000002b1e956105c sp=0x000000b91fefc760
Event: 0.772 Thread 0x000002b1e15c0a60 DEOPT UNPACKING pc=0x000002b1e8f52b43 sp=0x000000b91fefbbc8 mode 0
Event: 0.776 Thread 0x000002b1e15c0a60 DEOPT PACKING pc=0x000002b1e956105c sp=0x000000b91fefc830
Event: 0.776 Thread 0x000002b1e15c0a60 DEOPT UNPACKING pc=0x000002b1e8f52b43 sp=0x000000b91fefbc98 mode 0
Event: 0.786 Thread 0x000002b1e15c0a60 DEOPT PACKING pc=0x000002b1e956105c sp=0x000000b91fef89d0
Event: 0.786 Thread 0x000002b1e15c0a60 DEOPT UNPACKING pc=0x000002b1e8f52b43 sp=0x000000b91fef7e38 mode 0

Classes loaded (20 events):
Event: 0.710 Loading class java/util/AbstractMap$SimpleEntry
Event: 0.711 Loading class java/util/AbstractMap$SimpleEntry done
Event: 0.716 Loading class jdk/internal/module/ModuleReferences$ExplodedModuleReader
Event: 0.717 Loading class jdk/internal/module/ModuleReferences$ExplodedModuleReader done
Event: 0.730 Loading class java/lang/AssertionError
Event: 0.730 Loading class java/lang/AssertionError done
Event: 0.738 Loading class java/lang/UnsupportedOperationException
Event: 0.738 Loading class java/lang/UnsupportedOperationException done
Event: 0.739 Loading class java/lang/TypeNotPresentException
Event: 0.739 Loading class java/lang/TypeNotPresentException done
Event: 0.760 Loading class java/lang/IndexOutOfBoundsException
Event: 0.760 Loading class java/lang/IndexOutOfBoundsException done
Event: 0.789 Loading class java/lang/IllegalStateException
Event: 0.789 Loading class java/lang/IllegalStateException done
Event: 0.791 Loading class java/lang/WeakPairMap$Pair$Weak
Event: 0.792 Loading class java/lang/WeakPairMap$WeakRefPeer
Event: 0.792 Loading class java/lang/WeakPairMap$WeakRefPeer done
Event: 0.792 Loading class java/lang/WeakPairMap$Pair$Weak done
Event: 0.792 Loading class java/lang/WeakPairMap$Pair$Weak$1
Event: 0.792 Loading class java/lang/WeakPairMap$Pair$Weak$1 done

Classes unloaded (0 events):
No events

Classes redefined (1 events):
Event: 495.777 Thread 0x000002b1fee798d0 redefined class name=praktikum11.Niece, count=1

Internal exceptions (3 events):
Event: 0.214 Thread 0x000002b1e15c0a60 Exception <a 'java/lang/NoSuchMethodError'{0x0000000089a29610}: 'void java.lang.invoke.DirectMethodHandle$Holder.invokeVirtual(java.lang.Object, java.lang.Object)'> (0x0000000089a29610) 
thrown [s\open\src\hotspot\share\interpreter\linkResolver.cpp, line 759]
Event: 0.694 Thread 0x000002b1e15c0a60 Exception <a 'java/lang/NoSuchMethodError'{0x000000008963f6f8}: 'void java.lang.invoke.DirectMethodHandle$Holder.invokeStatic(java.lang.Object, java.lang.Object, java.lang.Object)'> (0x000000008963f6f8) 
thrown [s\open\src\hotspot\share\interpreter\linkResolver.cpp, line 759]
Event: 0.701 Thread 0x000002b1e15c0a60 Exception <a 'java/lang/NoSuchMethodError'{0x00000000896533a0}: 'java.lang.Object java.lang.invoke.Invokers$Holder.invokeExact_MT(java.lang.Object, java.lang.Object, java.lang.Object, java.lang.Object, java.lang.Object)'> (0x00000000896533a0) 
thrown [s\open\src\hotspot\share\interpreter\linkResolver.cpp, line 759]

VM Operations (20 events):
Event: 429.697 Executing VM operation: get/set locals
Event: 429.697 Executing VM operation: get/set locals done
Event: 429.698 Executing VM operation: get/set locals
Event: 429.698 Executing VM operation: get/set locals done
Event: 429.700 Executing VM operation: get/set locals
Event: 429.700 Executing VM operation: get/set locals done
Event: 429.701 Executing VM operation: get/set locals
Event: 429.701 Executing VM operation: get/set locals done
Event: 495.769 Executing VM operation: ChangeSingleStep
Event: 495.769 Executing VM operation: ChangeSingleStep done
Event: 495.770 Executing VM operation: ChangeSingleStep
Event: 495.770 Executing VM operation: ChangeSingleStep done
Event: 495.776 Executing VM operation: RedefineClasses
Event: 495.782 Executing VM operation: RedefineClasses done
Event: 495.784 Executing VM operation: ChangeSingleStep
Event: 495.784 Executing VM operation: ChangeSingleStep done
Event: 495.786 Executing VM operation: get/set locals
Event: 495.786 Executing VM operation: get/set locals done
Event: 495.789 Executing VM operation: ChangeSingleStep
Event: 495.789 Executing VM operation: ChangeSingleStep done

Events (20 events):
Event: 0.095 Thread 0x000002b1fee99e30 Thread added: 0x000002b1fee99e30
Event: 0.095 Thread 0x000002b1fee9a6e0 Thread added: 0x000002b1fee9a6e0
Event: 0.095 Thread 0x000002b1feea23f0 Thread added: 0x000002b1feea23f0
Event: 0.095 Thread 0x000002b1feea3770 Thread added: 0x000002b1feea3770
Event: 0.096 Thread 0x000002b1feea4800 Thread added: 0x000002b1feea4800
Event: 0.096 Thread 0x000002b1feea8490 Thread added: 0x000002b1feea8490
Event: 0.161 Thread 0x000002b1ff0620f0 Thread added: 0x000002b1ff0620f0
Event: 0.177 Loaded shared library C:\Program Files\Java\jdk-18.0.2.1\bin\net.dll
Event: 0.181 Loaded shared library C:\Program Files\Java\jdk-18.0.2.1\bin\nio.dll
Event: 0.306 Thread 0x000002b1ff127050 Thread added: 0x000002b1ff127050
Event: 0.308 Thread 0x000002b1ff14c3e0 Thread added: 0x000002b1ff14c3e0
Event: 0.309 Thread 0x000002b1ff14e8d0 Thread added: 0x000002b1ff14e8d0
Event: 0.404 Loaded shared library C:\Program Files\Java\jdk-18.0.2.1\bin\zip.dll
Event: 0.408 Loaded shared library C:\Program Files\Java\jdk-18.0.2.1\bin\instrument.dll
Event: 0.414 Loaded shared library C:\Program Files\Java\jdk-18.0.2.1\bin\zip.dll
Event: 0.542 Loaded shared library C:\Program Files\Java\jdk-18.0.2.1\bin\jimage.dll
Event: 0.663 Thread 0x000002b1ff43a4b0 Thread added: 0x000002b1ff43a4b0
Event: 0.713 Thread 0x000002b1ff2a23c0 Thread added: 0x000002b1ff2a23c0
Event: 0.727 Loaded shared library C:\Program Files\Java\jdk-18.0.2.1\bin\verify.dll
Event: 5.825 Thread 0x000002b1ff43a4b0 Thread exited: 0x000002b1ff43a4b0


Dynamic libraries:
0x00007ff7c7470000 - 0x00007ff7c7480000 	C:\Program Files\Java\jdk-18.0.2.1\bin\javaw.exe
0x00007ffe3e410000 - 0x00007ffe3e608000 	C:\Windows\SYSTEM32\ntdll.dll
0x00007ffe3c470000 - 0x00007ffe3c52d000 	C:\Windows\System32\KERNEL32.DLL
0x00007ffe3bcd0000 - 0x00007ffe3bfa2000 	C:\Windows\System32\KERNELBASE.dll
0x00007ffe3c090000 - 0x00007ffe3c190000 	C:\Windows\System32\ucrtbase.dll
0x00007ffe324a0000 - 0x00007ffe324b8000 	C:\Program Files\Java\jdk-18.0.2.1\bin\jli.dll
0x00007ffe3e2b0000 - 0x00007ffe3e35e000 	C:\Windows\System32\ADVAPI32.dll
0x00007ffe3c6e0000 - 0x00007ffe3c77e000 	C:\Windows\System32\msvcrt.dll
0x00007ffe3d4b0000 - 0x00007ffe3d54c000 	C:\Windows\System32\sechost.dll
0x00007ffe3d5b0000 - 0x00007ffe3d6d5000 	C:\Windows\System32\RPCRT4.dll
0x00007ffe33950000 - 0x00007ffe3396a000 	C:\Program Files\Java\jdk-18.0.2.1\bin\VCRUNTIME140.dll
0x00007ffe3d6e0000 - 0x00007ffe3d87d000 	C:\Windows\System32\USER32.dll
0x00007ffe3c060000 - 0x00007ffe3c082000 	C:\Windows\System32\win32u.dll
0x00007ffe3e190000 - 0x00007ffe3e1bb000 	C:\Windows\System32\GDI32.dll
0x00007ffe3c190000 - 0x00007ffe3c29f000 	C:\Windows\System32\gdi32full.dll
0x00007ffe1d700000 - 0x00007ffe1d99a000 	C:\Windows\WinSxS\amd64_microsoft.windows.common-controls_6595b64144ccf1df_6.0.19041.1110_none_60b5254171f9507e\COMCTL32.dll
0x00007ffe3bb50000 - 0x00007ffe3bbed000 	C:\Windows\System32\msvcp_win.dll
0x00007ffe3a160000 - 0x00007ffe3a16a000 	C:\Windows\SYSTEM32\VERSION.dll
0x00007ffe3cd40000 - 0x00007ffe3cd70000 	C:\Windows\System32\IMM32.DLL
0x00007ffe36d20000 - 0x00007ffe36d2c000 	C:\Program Files\Java\jdk-18.0.2.1\bin\vcruntime140_1.dll
0x00007ffdfec00000 - 0x00007ffdfec8d000 	C:\Program Files\Java\jdk-18.0.2.1\bin\msvcp140.dll
0x00007ffdaddf0000 - 0x00007ffdaea01000 	C:\Program Files\Java\jdk-18.0.2.1\bin\server\jvm.dll
0x00007ffe3e360000 - 0x00007ffe3e368000 	C:\Windows\System32\PSAPI.DLL
0x00007ffe254a0000 - 0x00007ffe254a9000 	C:\Windows\SYSTEM32\WSOCK32.dll
0x00007ffe3d440000 - 0x00007ffe3d4ab000 	C:\Windows\System32\WS2_32.dll
0x00007ffe3a170000 - 0x00007ffe3a197000 	C:\Windows\SYSTEM32\WINMM.dll
0x00007ffe3a330000 - 0x00007ffe3a342000 	C:\Windows\SYSTEM32\kernel.appcore.dll
0x00007ffe36ce0000 - 0x00007ffe36cea000 	C:\Program Files\Java\jdk-18.0.2.1\bin\jimage.dll
0x00007ffe39f70000 - 0x00007ffe3a154000 	C:\Windows\SYSTEM32\DBGHELP.DLL
0x00007ffe39f40000 - 0x00007ffe39f6c000 	C:\Windows\SYSTEM32\dbgcore.DLL
0x00007ffe3bbf0000 - 0x00007ffe3bc72000 	C:\Windows\System32\bcryptPrimitives.dll
0x00007ffe32000000 - 0x00007ffe3203b000 	C:\Program Files\Java\jdk-18.0.2.1\bin\jdwp.dll
0x00007ffe33800000 - 0x00007ffe3380e000 	C:\Program Files\Java\jdk-18.0.2.1\bin\instrument.dll
0x00007ffe27d60000 - 0x00007ffe27d85000 	C:\Program Files\Java\jdk-18.0.2.1\bin\java.dll
0x00007ffdcd090000 - 0x00007ffdcd166000 	C:\Program Files\Java\jdk-18.0.2.1\bin\jsvml.dll
0x00007ffe3da40000 - 0x00007ffe3e183000 	C:\Windows\System32\SHELL32.dll
0x00007ffe396f0000 - 0x00007ffe39e81000 	C:\Windows\SYSTEM32\windows.storage.dll
0x00007ffe3c780000 - 0x00007ffe3cad4000 	C:\Windows\System32\combase.dll
0x00007ffe3b3c0000 - 0x00007ffe3b3f0000 	C:\Windows\SYSTEM32\Wldp.dll
0x00007ffe3cae0000 - 0x00007ffe3cb8d000 	C:\Windows\System32\SHCORE.dll
0x00007ffe3d550000 - 0x00007ffe3d5a5000 	C:\Windows\System32\shlwapi.dll
0x00007ffe3ba60000 - 0x00007ffe3ba7f000 	C:\Windows\SYSTEM32\profapi.dll
0x00007ffe322d0000 - 0x00007ffe322e3000 	C:\Program Files\Java\jdk-18.0.2.1\bin\net.dll
0x00007ffe28d20000 - 0x00007ffe28e2d000 	C:\Windows\SYSTEM32\WINHTTP.dll
0x00007ffe3b1a0000 - 0x00007ffe3b20a000 	C:\Windows\system32\mswsock.dll
0x00007ffe320f0000 - 0x00007ffe32106000 	C:\Program Files\Java\jdk-18.0.2.1\bin\nio.dll
0x00007ffe337f0000 - 0x00007ffe337fc000 	C:\Program Files\Java\jdk-18.0.2.1\bin\dt_socket.dll
0x00007ffe3aeb0000 - 0x00007ffe3aeeb000 	C:\Windows\SYSTEM32\IPHLPAPI.DLL
0x00007ffe3aef0000 - 0x00007ffe3afba000 	C:\Windows\SYSTEM32\DNSAPI.dll
0x00007ffe3cf40000 - 0x00007ffe3cf48000 	C:\Windows\System32\NSI.dll
0x00007ffe30050000 - 0x00007ffe3005a000 	C:\Windows\System32\rasadhlp.dll
0x00007ffe27370000 - 0x00007ffe273f0000 	C:\Windows\System32\fwpuclnt.dll
0x00007ffe3bb20000 - 0x00007ffe3bb47000 	C:\Windows\System32\bcrypt.dll
0x00007ffe320a0000 - 0x00007ffe320b8000 	C:\Program Files\Java\jdk-18.0.2.1\bin\zip.dll
0x00007ffe33940000 - 0x00007ffe33950000 	C:\Program Files\Java\jdk-18.0.2.1\bin\verify.dll

dbghelp: loaded successfully - version: 4.0.5 - missing functions: none
symbol engine: initialized successfully - sym options: 0x614 - pdb path: .;C:\Program Files\Java\jdk-18.0.2.1\bin;C:\Windows\SYSTEM32;C:\Windows\WinSxS\amd64_microsoft.windows.common-controls_6595b64144ccf1df_6.0.19041.1110_none_60b5254171f9507e;C:\Program Files\Java\jdk-18.0.2.1\bin\server

VM Arguments:
jvm_args: -XX:+ShowCodeDetailsInExceptionMessages -agentlib:jdwp=transport=dt_socket,suspend=y,address=localhost:53210 -javaagent:C:\Users\Salman Alfarisi\eclipse\java-2022-064\eclipse\configuration\org.eclipse.osgi\215\0\.cp\lib\javaagent-shaded.jar -Dfile.encoding=UTF-8 --module-path=C:\Users\Salman Alfarisi\eclipse-workspace\praktikum11\bin -Djdk.module.main=praktikum11 
java_command: praktikum11/praktikum11.Main
java_class_path (initial): <not set>
Launcher Type: SUN_STANDARD

[Global flags]
     intx CICompilerCount                          = 3                                         {product} {ergonomic}
     uint ConcGCThreads                            = 1                                         {product} {ergonomic}
     uint G1ConcRefinementThreads                  = 4                                         {product} {ergonomic}
   size_t G1HeapRegionSize                         = 1048576                                   {product} {ergonomic}
    uintx GCDrainStackTargetSize                   = 64                                        {product} {ergonomic}
   size_t InitialHeapSize                          = 134217728                                 {product} {ergonomic}
   size_t MarkStackSize                            = 4194304                                   {product} {ergonomic}
   size_t MaxHeapSize                              = 2118123520                                {product} {ergonomic}
   size_t MaxNewSize                               = 1270874112                                {product} {ergonomic}
   size_t MinHeapDeltaBytes                        = 1048576                                   {product} {ergonomic}
   size_t MinHeapSize                              = 8388608                                   {product} {ergonomic}
    uintx NonNMethodCodeHeapSize                   = 5832780                                {pd product} {ergonomic}
    uintx NonProfiledCodeHeapSize                  = 122912730                              {pd product} {ergonomic}
    uintx ProfiledCodeHeapSize                     = 122912730                              {pd product} {ergonomic}
    uintx ReservedCodeCacheSize                    = 251658240                              {pd product} {ergonomic}
     bool SegmentedCodeCache                       = true                                      {product} {ergonomic}
     bool ShowCodeDetailsInExceptionMessages       = true                                   {manageable} {command line}
   size_t SoftMaxHeapSize                          = 2118123520                             {manageable} {ergonomic}
     bool UseCompressedClassPointers               = true                           {product lp64_product} {ergonomic}
     bool UseCompressedOops                        = true                           {product lp64_product} {ergonomic}
     bool UseG1GC                                  = true                                      {product} {ergonomic}
     bool UseLargePagesIndividualAllocation        = false                                  {pd product} {ergonomic}

Logging:
Log output configuration:
 #0: stdout all=warning uptime,level,tags foldmultilines=false
 #1: stderr all=off uptime,level,tags foldmultilines=false

Environment Variables:
PATH=C:\app\dbhomeXE\bin;C:\Program Files\Common Files\Oracle\Java\javapath;C:\Python310\Scripts\;C:\Python310\;C:\Windows\system32;C:\Windows;C:\Windows\System32\Wbem;C:\Windows\System32\WindowsPowerShell\v1.0\;C:\Windows\System32\OpenSSH\;C:\Program Files\Microsoft VS Code\bin;C:\Program Files\Git\cmd;C:\Program Files\Dart\dart-sdk\bin;C:\src\flutter\bin;C:\Program Files\jdk-11.0.10\bin\;C:\ProgramData\chocolatey\bin;C:\Program Files\Java\jdk-18.0.2.1\bin;C:\Program Files\dotnet\;C:\xampp\php;C:\ProgramData\ComposerSetup\bin;C:\Program Files\nodejs\;C:\Users\Salman Alfarisi\AppData\Local\Microsoft\WindowsApps;C:\Users\Salman Alfarisi\AppData\Local\GitHubDesktop\bin;C:\src\flutter\bin;C:\Users\Salman Alfarisi\AppData\Roaming\Composer\vendor\bin;C:\Users\Salman Alfarisi\AppData\Roaming\npm
USERNAME=Salman Alfarisi
OS=Windows_NT
PROCESSOR_IDENTIFIER=Intel64 Family 6 Model 78 Stepping 3, GenuineIntel



---------------  S Y S T E M  ---------------

OS:
 Windows 10 , 64 bit Build 19041 (10.0.19041.1889)
OS uptime: 0 days 6:08 hours
Hyper-V role detected

CPU: total 4 (initial active 4) (2 cores per cpu, 2 threads per core) family 6 model 78 stepping 3 microcode 0xcc, cx8, cmov, fxsr, ht, mmx, 3dnowpref, sse, sse2, sse3, ssse3, sse4.1, sse4.2, popcnt, lzcnt, tsc, tscinvbit, avx, avx2, aes, erms, clmul, bmi1, bmi2, rtm, adx, fma, vzeroupper, clflush, clflushopt, hv

Memory: 4k page, system-wide physical 8076M (1370M free)
TotalPageFile size 13387M (AvailPageFile size 1979M)
current process WorkingSet (physical memory assigned to process): 44M, peak: 50M
current process commit charge ("private bytes"): 205M, peak: 212M

vm_info: Java HotSpot(TM) 64-Bit Server VM (18.0.2.1+1-1) for windows-amd64 JRE (18.0.2.1+1-1), built on Aug 16 2022 01:46:33 by "mach5one" with MS VC++ 16.8 / 16.9 (VS2019)

END.
